[00:07:06] [Server thread/INFO] [net.minecraft.server.dedicated.DedicatedServer]: TheBraveAstora has made the advancement [Nap Time]
[00:07:12] [Server thread/INFO] [morpheus]: TheBraveAstora is now sleeping. 1/2 (50%)
[00:07:12] [Server thread/WARN] [net.minecraft.network.NetHandlerPlayServer]: TheBraveAstora moved wrongly!
[00:15:03] [Server thread/INFO] [net.minecraft.server.dedicated.DedicatedServer]: ShounenSaruman has made the advancement [256 Liters of Cola]
[00:15:03] [Server thread/INFO] [net.minecraft.server.dedicated.DedicatedServer]: ShounenSaruman has made the advancement [Drumtendo 64]
[00:15:03] [Server thread/INFO] [net.minecraft.server.dedicated.DedicatedServer]: TheBraveAstora has made the advancement [Drumtendo 64]
[00:15:03] [Server thread/INFO] [net.minecraft.server.dedicated.DedicatedServer]: TheBraveAstora has made the advancement [256 Liters of Cola]
[00:18:09] [Server thread/INFO] [morpheus]: ShounenSaruman is now sleeping. 1/2 (50%)
[00:18:10] [Server thread/WARN] [net.minecraft.network.NetHandlerPlayServer]: ShounenSaruman moved wrongly!
[00:28:51] [Aromabackup-Backup/OFF] [Aroma1997Core]: Message to players; Message: Starting Backup. The server may lag for a bit!
[00:28:51] [Aromabackup-Backup/INFO] [net.minecraft.server.dedicated.DedicatedServer]: [AromaBackup] Starting Backup. The server may lag for a bit!
[00:28:53] [Server thread/INFO] [net.minecraft.world.chunk.storage.AnvilChunkLoader]: ThreadedAnvilChunkStorage (world): All chunks are saved
[00:28:53] [Server thread/INFO] [net.minecraft.world.chunk.storage.AnvilChunkLoader]: ThreadedAnvilChunkStorage (DIM2): All chunks are saved
[00:28:53] [Aromabackup-Backup/OFF] [Aroma1997Core]: Message to players; Message: Server Backup done!
[00:28:53] [Aromabackup-Backup/INFO] [net.minecraft.server.dedicated.DedicatedServer]: [AromaBackup] Server Backup done!
[00:30:00] [Server thread/INFO] [morpheus]: ShounenSaruman is now sleeping. 1/2 (50%)
[00:30:00] [Server thread/WARN] [net.minecraft.network.NetHandlerPlayServer]: ShounenSaruman moved wrongly!
[00:36:36] [Server thread/INFO] [net.minecraft.server.dedicated.DedicatedServer]: TheBraveAstora has made the advancement [Metallicrate]
[00:41:48] [Server thread/INFO] [morpheus]: ShounenSaruman is now sleeping. 1/2 (50%)
[00:41:49] [Server thread/WARN] [net.minecraft.network.NetHandlerPlayServer]: ShounenSaruman moved wrongly!
[00:55:10] [Server thread/INFO] [morpheus]: ShounenSaruman is now sleeping. 1/2 (50%)
[00:55:10] [Server thread/WARN] [net.minecraft.network.NetHandlerPlayServer]: ShounenSaruman moved wrongly!
[00:55:17] [Server thread/WARN] [net.minecraft.network.NetHandlerPlayServer]: ShounenSaruman moved too quickly! 0.0,332.7685156974653,0.0
[00:55:24] [Server thread/WARN] [net.minecraft.network.NetHandlerPlayServer]: ShounenSaruman moved too quickly! 0.0,335.0577083927641,0.0
[00:55:30] [Server thread/WARN] [net.minecraft.network.NetHandlerPlayServer]: ShounenSaruman moved too quickly! 0.0,335.0577083927641,0.0
[00:58:51] [Aromabackup-Backup/OFF] [Aroma1997Core]: Message to players; Message: Starting Backup. The server may lag for a bit!
[00:58:51] [Aromabackup-Backup/INFO] [net.minecraft.server.dedicated.DedicatedServer]: [AromaBackup] Starting Backup. The server may lag for a bit!
[00:58:53] [Server thread/INFO] [net.minecraft.world.chunk.storage.AnvilChunkLoader]: ThreadedAnvilChunkStorage (world): All chunks are saved
[00:58:53] [Server thread/INFO] [net.minecraft.world.chunk.storage.AnvilChunkLoader]: ThreadedAnvilChunkStorage (DIM2): All chunks are saved
[00:58:53] [Aromabackup-Backup/OFF] [Aroma1997Core]: Message to players; Message: Server Backup done!
[00:58:53] [Aromabackup-Backup/INFO] [net.minecraft.server.dedicated.DedicatedServer]: [AromaBackup] Server Backup done!
[01:01:28] [Server thread/WARN] [net.minecraft.network.NetHandlerPlayServer]: TheBraveAstora moved wrongly!
[01:09:45] [Server thread/INFO] [morpheus]: ShounenSaruman is now sleeping. 1/2 (50%)
[01:09:46] [Server thread/WARN] [net.minecraft.network.NetHandlerPlayServer]: ShounenSaruman moved wrongly!
[01:21:20] [Server thread/WARN] [net.minecraft.server.MinecraftServer]: Can't keep up! Did the system time change, or is the server overloaded? Running 436621ms behind, skipping 8732 tick(s)
[01:21:20] [Netty Server IO #13/ERROR] [FML]: NetworkDispatcher exception
io.netty.handler.timeout.ReadTimeoutException: null
[01:21:20] [Netty Server IO #11/ERROR] [FML]: NetworkDispatcher exception
io.netty.handler.timeout.ReadTimeoutException: null
[01:21:20] [Server thread/INFO] [net.minecraft.network.NetHandlerPlayServer]: ShounenSaruman lost connection: Timed out
[01:21:20] [Server thread/INFO] [net.minecraft.server.dedicated.DedicatedServer]: ShounenSaruman left the game
[01:21:20] [Server thread/INFO] [net.minecraft.network.NetHandlerPlayServer]: TheBraveAstora lost connection: Timed out
[01:21:20] [Server thread/INFO] [net.minecraft.server.dedicated.DedicatedServer]: TheBraveAstora left the game
[01:21:28] [Server thread/INFO] [net.minecraft.server.dedicated.DedicatedServer]: Stopping the server
[01:21:28] [Server thread/INFO] [AromaBackup]: No backup in progress. No server delay needed.
[01:21:28] [Server thread/INFO] [Prestige]: Saving data for 402361e4-2db5-41c3-a0e0-e27ef65d86e1.
[01:21:28] [Server thread/INFO] [Prestige]: Saving data for e6859fb2-cc35-4984-8d44-e46947903a83.
[01:21:28] [Server thread/INFO] [Prestige]: Saving data for 38ce5e1f-dd4f-4c5e-9985-1e33b48832b4.
[01:21:28] [Server thread/INFO] [net.minecraft.server.MinecraftServer]: Stopping server
[01:21:28] [Server thread/INFO] [net.minecraft.server.MinecraftServer]: Saving players
[01:21:28] [Server thread/INFO] [net.minecraft.server.MinecraftServer]: Saving worlds
[01:21:28] [Server thread/INFO] [net.minecraft.server.MinecraftServer]: Saving chunks for level 'world'/DIM_0
[01:21:28] [Server thread/INFO] [net.minecraft.server.MinecraftServer]: Saving chunks for level 'world'/Storage Cell
[01:21:28] [Server thread/INFO] [FML]: Unloading dimension 0
[01:21:28] [Server thread/INFO] [FML]: Unloading dimension 2
[01:21:28] [Server thread/INFO] [FluxNetworks]: FluxNetworkData has been unloaded
[01:21:28] [Server thread/INFO] [mcjtylib_ng]: Cleaning up all world data: 1 data blobs
[01:21:28] [Server thread/INFO] [nuclearcraft]: Server Closing...
[01:21:28] [Server thread/INFO] [Parabox]: Saving Parabox world data.
[01:21:28] [Server thread/INFO] [practicallogistics2]: Cleared Server Info Handler
[01:21:28] [Server thread/INFO] [practicallogistics2]: Cleared Network Handler
[01:21:28] [Server thread/INFO] [practicallogistics2]: Cleared Data Factory
[01:21:28] [Server thread/INFO] [practicallogistics2]: Cleared Wireless Data Manager
[01:21:28] [Server thread/INFO] [practicallogistics2]: Cleared Wireless Redstone Manager
[01:21:28] [Server thread/INFO] [practicallogistics2]: Cleared Cable Connection Handler
[01:21:28] [Server thread/INFO] [practicallogistics2]: Cleared Redstone Connection Handler
[01:21:28] [Server thread/INFO] [practicallogistics2]: Cleared Server Display Handler
[01:21:28] [Server thread/INFO] [practicallogistics2]: Cleared Chunk Viewer Handler
[01:21:28] [Server thread/INFO] [topography]: Cleaning up
[01:21:28] [Server thread/INFO] [topography]: Unregistering Dimension 0
[01:21:28] [Server thread/INFO] [topography]: Registering Dimension 0
[01:21:28] [Server thread/INFO] [topography]: Unregistering Dimension -1
[01:21:28] [Server thread/INFO] [topography]: Registering Dimension -1
[01:21:28] [Server thread/INFO] [topography]: Done clean-up
[01:21:28] [Server Shutdown Thread/INFO] [net.minecraft.server.MinecraftServer]: Stopping server
[01:21:28] [Server Shutdown Thread/INFO] [net.minecraft.server.MinecraftServer]: Saving players
[01:21:28] [Server Shutdown Thread/INFO] [net.minecraft.server.MinecraftServer]: Saving worlds
